{
  "RSpec": {
    "coverage": {
      "/Users/justinramirez/turing/1mod/projects/enigma/spec/enigma_spec.rb": {
        "lines": [
          1,
          1,
          null,
          1,
          1,
          1,
          null,
          1,
          null,
          null,
          1,
          1,
          null,
          1,
          1,
          null,
          null,
          1,
          1,
          null,
          1,
          1,
          null,
          null,
          1,
          1,
          null,
          1,
          1,
          1,
          1,
          1,
          1,
          null,
          null,
          1,
          1,
          null,
          1,
          1,
          1,
          1,
          1,
          1,
          null,
          null,
          1,
          1,
          null,
          1,
          1,
          1,
          1,
          1,
          1,
          null,
          null,
          null,
          1,
          1,
          null,
          1,
          1,
          1,
          1,
          1,
          1,
          null,
          null,
          null,
          1,
          1,
          null,
          1,
          1,
          1,
          1,
          null,
          null,
          1,
          1,
          null,
          1,
          1,
          1,
          1,
          null,
          null,
          1,
          1,
          null,
          1,
          1,
          1,
          1,
          null,
          null,
          1,
          1,
          1,
          null,
          1,
          1,
          1,
          1,
          null,
          null,
          null,
          null
        ]
      },
      "/Users/justinramirez/turing/1mod/projects/enigma/lib/enigma.rb": {
        "lines": [
          1,
          1,
          null,
          1,
          11,
          null,
          null,
          1,
          15,
          15,
          15,
          15,
          166,
          166,
          null,
          15,
          null,
          null,
          1,
          8,
          8,
          8,
          8,
          89,
          89,
          null,
          8,
          null,
          null,
          1,
          6,
          6,
          6,
          30,
          null,
          6,
          null,
          null,
          1,
          15,
          null,
          null,
          1,
          35,
          175,
          35,
          null,
          null,
          1,
          35,
          35,
          35,
          null,
          null,
          1,
          29,
          29,
          29,
          29,
          116,
          null,
          29,
          null,
          null,
          null
        ]
      }
    },
    "timestamp": 1655147916
  }
}
